======================================
Backup Started: Tue May 12 02:19:19 UTC 2026
Backup Successful: BACKUP-2026-05-12-02-19-19.tar.gz
Old backups cleaned.
Backup Finished: Tue May 12 02:19:19 UTC 2026
======================================

======================================
Backup Started: Tue May 12 02:21:11 UTC 2026
Backup Successful: BACKUP-2026-05-12-02-21-11.tar.gz
Old backups cleaned.
Backup Finished: Tue May 12 02:21:11 UTC 2026
======================================

======================================
Backup Started: Tue May 12 02:26:43 UTC 2026
ERROR: Source directory does not exist!
======================================
Backup Started: Wed May 13 05:10:56 UTC 2026
ERROR: Source directory does not exist!
======================================
Backup Started: Wed May 13 05:11:29 UTC 2026
ERROR: Source directory does not exist!
======================================
Backup Started: Wed May 13 05:29:05 UTC 2026
ERROR: Source directory does not exist!
