___________________
Cleanup Started Tue May 12 03:46:26 UTC 2026
No old logs found
Cleanup finished
______________________________
___________________
Cleanup Started Tue May 12 03:47:57 UTC 2026
Deleting old log files:
/home/deva29/Devops/server_automation_suite/logs/od.log
Old log files deleted successfully!
Cleanup finished
______________________________
___________________
Cleanup Started Wed May 13 05:10:56 UTC 2026
No old logs found
Cleanup finished
______________________________
___________________
Cleanup Started Wed May 13 05:11:29 UTC 2026
No old logs found
Cleanup finished
______________________________
___________________
Cleanup Started Wed May 13 05:29:05 UTC 2026
No old logs found
Cleanup finished
______________________________
