Disk Monitoring started Wed May 13 02:51:43 UTC 2026:
/dev/sdc usage is healthy at 1%
/dev/sdd usage is healthy at 55%
WARNING: /dev/loop0 usage is at 100%
Disk monitoring finished: Wed May 13 02:51:43 UTC 2026
____________________
______________________
Disk Monitoring started Wed May 13 05:11:03 UTC 2026:
/dev/sdc usage is healthy at 1%
/dev/sdd usage is healthy at 55%
WARNING: /dev/loop0 usage is at 100%
Disk monitoring finished: Wed May 13 05:11:03 UTC 2026
____________________
______________________
Disk Monitoring started Wed May 13 05:11:31 UTC 2026:
/dev/sdc usage is healthy at 1%
/dev/sdd usage is healthy at 55%
WARNING: /dev/loop0 usage is at 100%
Disk monitoring finished: Wed May 13 05:11:31 UTC 2026
____________________
______________________
Disk Monitoring started Wed May 13 05:29:08 UTC 2026:
/dev/sdc usage is healthy at 1%
/dev/sdd usage is healthy at 55%
WARNING: /dev/loop0 usage is at 100%
Disk monitoring finished: Wed May 13 05:29:08 UTC 2026
____________________
